==13245== Memcheck, a memory error detector
==13245== Copyright (C) 2002-2022, and GNU GPL'd, by Julian Seward et al.
==13245== Using Valgrind-3.22.0 and LibVEX; rerun with -h for copyright info
==13245== Command: ./fractol julia
==13245== Parent PID: 2548
==13245== 
==13245== 
==13245== HEAP SUMMARY:
==13245==     in use at exit: 309,711 bytes in 3,070 blocks
==13245==   total heap usage: 84,174 allocs, 81,104 frees, 36,975,633 bytes allocated
==13245== 
==13245== 0 bytes in 1 blocks are definitely lost in loss record 1 of 2,234
==13245==    at 0x48487EF: malloc (vg_replace_malloc.c:442)
==13245==    by 0x4005A22: malloc (rtld-malloc.h:56)
==13245==    by 0x4005A22: _dl_find_object_update (dl-find_object.c:791)
==13245==    by 0x400ECCF: dl_open_worker_begin (dl-open.c:735)
==13245==    by 0x4A4CA97: _dl_catch_exception (dl-error-skeleton.c:208)
==13245==    by 0x400DF99: dl_open_worker (dl-open.c:782)
==13245==    by 0x4A4CA97: _dl_catch_exception (dl-error-skeleton.c:208)
==13245==    by 0x400E34D: _dl_open (dl-open.c:883)
==13245==    by 0x496863B: dlopen_doit (dlopen.c:56)
==13245==    by 0x4A4CA97: _dl_catch_exception (dl-error-skeleton.c:208)
==13245==    by 0x4A4CB62: _dl_catch_error (dl-error-skeleton.c:227)
==13245==    by 0x496812D: _dlerror_run (dlerror.c:138)
==13245==    by 0x49686C7: dlopen_implementation (dlopen.c:71)
==13245==    by 0x49686C7: dlopen@@GLIBC_2.34 (dlopen.c:81)
==13245== 
{
   <insert_a_suppression_name_here>
   Memcheck:Leak
   match-leak-kinds: definite
   fun:malloc
   fun:malloc
   fun:_dl_find_object_update
   fun:dl_open_worker_begin
   fun:_dl_catch_exception
   fun:dl_open_worker
   fun:_dl_catch_exception
   fun:_dl_open
   fun:dlopen_doit
   fun:_dl_catch_exception
   fun:_dl_catch_error
   fun:_dlerror_run
   fun:dlopen_implementation
   fun:dlopen@@GLIBC_2.34
}
==13245== 80 (16 direct, 64 indirect) bytes in 1 blocks are definitely lost in loss record 2,191 of 2,234
==13245==    at 0x48487EF: malloc (vg_replace_malloc.c:442)
==13245==    by 0x6485A8F: ??? (in /usr/lib/x86_64-linux-gnu/dri/vmwgfx_dri.so)
==13245==    by 0x6881CE1: ??? (in /usr/lib/x86_64-linux-gnu/dri/vmwgfx_dri.so)
==13245==    by 0x5FB1DD5: ??? (in /usr/lib/x86_64-linux-gnu/dri/vmwgfx_dri.so)
==13245==    by 0x5EEDC19: ??? (in /usr/lib/x86_64-linux-gnu/dri/vmwgfx_dri.so)
==13245==    by 0x5EF1660: ??? (in /usr/lib/x86_64-linux-gnu/dri/vmwgfx_dri.so)
==13245==    by 0x5932338: ???
==13245==    by 0x591C120: ???
==13245==    by 0x58D5A83: ???
==13245==    by 0x4882C7C: glfwCreateWindow (in /usr/lib/x86_64-linux-gnu/libglfw.so.3.3)
==13245==    by 0x10BBCB: mlx_init (in /home/ecast/Documents/Workspace/fract-ol/fractol)
==13245==    by 0x10A92C: mlx_start (mlx.c:53)
==13245== 
{
   <insert_a_suppression_name_here>
   Memcheck:Leak
   match-leak-kinds: definite
   fun:malloc
   obj:/usr/lib/x86_64-linux-gnu/dri/vmwgfx_dri.so
   obj:/usr/lib/x86_64-linux-gnu/dri/vmwgfx_dri.so
   obj:/usr/lib/x86_64-linux-gnu/dri/vmwgfx_dri.so
   obj:/usr/lib/x86_64-linux-gnu/dri/vmwgfx_dri.so
   obj:/usr/lib/x86_64-linux-gnu/dri/vmwgfx_dri.so
   obj:*
   obj:*
   obj:*
   fun:glfwCreateWindow
   fun:mlx_init
   fun:mlx_start
}
==13245== 128 bytes in 1 blocks are possibly lost in loss record 2,197 of 2,234
==13245==    at 0x48487EF: malloc (vg_replace_malloc.c:442)
==13245==    by 0x5EF9D44: ??? (in /usr/lib/x86_64-linux-gnu/dri/vmwgfx_dri.so)
==13245==    by 0x5EF6457: ??? (in /usr/lib/x86_64-linux-gnu/dri/vmwgfx_dri.so)
==13245==    by 0x68C4194: ??? (in /usr/lib/x86_64-linux-gnu/dri/vmwgfx_dri.so)
==13245==    by 0x68C1F7E: ??? (in /usr/lib/x86_64-linux-gnu/dri/vmwgfx_dri.so)
==13245==    by 0x5EE712A: ??? (in /usr/lib/x86_64-linux-gnu/dri/vmwgfx_dri.so)
==13245==    by 0x653E5E6: ??? (in /usr/lib/x86_64-linux-gnu/dri/vmwgfx_dri.so)
==13245==    by 0x5EE8F54: ??? (in /usr/lib/x86_64-linux-gnu/dri/vmwgfx_dri.so)
==13245==    by 0x5EF1265: ??? (in /usr/lib/x86_64-linux-gnu/dri/vmwgfx_dri.so)
==13245==    by 0x59325E1: ???
==13245==    by 0x5923F80: ???
==13245==    by 0x5920ADB: ???
==13245== 
{
   <insert_a_suppression_name_here>
   Memcheck:Leak
   match-leak-kinds: possible
   fun:malloc
   obj:/usr/lib/x86_64-linux-gnu/dri/vmwgfx_dri.so
   obj:/usr/lib/x86_64-linux-gnu/dri/vmwgfx_dri.so
   obj:/usr/lib/x86_64-linux-gnu/dri/vmwgfx_dri.so
   obj:/usr/lib/x86_64-linux-gnu/dri/vmwgfx_dri.so
   obj:/usr/lib/x86_64-linux-gnu/dri/vmwgfx_dri.so
   obj:/usr/lib/x86_64-linux-gnu/dri/vmwgfx_dri.so
   obj:/usr/lib/x86_64-linux-gnu/dri/vmwgfx_dri.so
   obj:/usr/lib/x86_64-linux-gnu/dri/vmwgfx_dri.so
   obj:*
   obj:*
   obj:*
}
==13245== 176 bytes in 1 blocks are possibly lost in loss record 2,203 of 2,234
==13245==    at 0x48487EF: malloc (vg_replace_malloc.c:442)
==13245==    by 0x5EF9D44: ??? (in /usr/lib/x86_64-linux-gnu/dri/vmwgfx_dri.so)
==13245==    by 0x5EF9F0A: ??? (in /usr/lib/x86_64-linux-gnu/dri/vmwgfx_dri.so)
==13245==    by 0x5EF64B1: ??? (in /usr/lib/x86_64-linux-gnu/dri/vmwgfx_dri.so)
==13245==    by 0x68C4194: ??? (in /usr/lib/x86_64-linux-gnu/dri/vmwgfx_dri.so)
==13245==    by 0x68C1F7E: ??? (in /usr/lib/x86_64-linux-gnu/dri/vmwgfx_dri.so)
==13245==    by 0x5EE712A: ??? (in /usr/lib/x86_64-linux-gnu/dri/vmwgfx_dri.so)
==13245==    by 0x653E5E6: ??? (in /usr/lib/x86_64-linux-gnu/dri/vmwgfx_dri.so)
==13245==    by 0x5EE8F54: ??? (in /usr/lib/x86_64-linux-gnu/dri/vmwgfx_dri.so)
==13245==    by 0x5EF1265: ??? (in /usr/lib/x86_64-linux-gnu/dri/vmwgfx_dri.so)
==13245==    by 0x59325E1: ???
==13245==    by 0x5923F80: ???
==13245== 
{
   <insert_a_suppression_name_here>
   Memcheck:Leak
   match-leak-kinds: possible
   fun:malloc
   obj:/usr/lib/x86_64-linux-gnu/dri/vmwgfx_dri.so
   obj:/usr/lib/x86_64-linux-gnu/dri/vmwgfx_dri.so
   obj:/usr/lib/x86_64-linux-gnu/dri/vmwgfx_dri.so
   obj:/usr/lib/x86_64-linux-gnu/dri/vmwgfx_dri.so
   obj:/usr/lib/x86_64-linux-gnu/dri/vmwgfx_dri.so
   obj:/usr/lib/x86_64-linux-gnu/dri/vmwgfx_dri.so
   obj:/usr/lib/x86_64-linux-gnu/dri/vmwgfx_dri.so
   obj:/usr/lib/x86_64-linux-gnu/dri/vmwgfx_dri.so
   obj:/usr/lib/x86_64-linux-gnu/dri/vmwgfx_dri.so
   obj:*
   obj:*
}
==13245== LEAK SUMMARY:
==13245==    definitely lost: 16 bytes in 2 blocks
==13245==    indirectly lost: 64 bytes in 1 blocks
==13245==      possibly lost: 304 bytes in 2 blocks
==13245==    still reachable: 309,327 bytes in 3,065 blocks
==13245==         suppressed: 0 bytes in 0 blocks
==13245== Reachable blocks (those to which a pointer was found) are not shown.
==13245== To see them, rerun with: --leak-check=full --show-leak-kinds=all
==13245== 
==13245== For lists of detected and suppressed errors, rerun with: -s
==13245== ERROR SUMMARY: 4 errors from 4 contexts (suppressed: 0 from 0)
